Arguments: 
  /usr/local/Cellar/node/15.2.0/bin/node /usr/local/Cellar/yarn/1.22.10/libexec/bin/yarn.js install -D prettier

PATH: 
  /Users/jethro.larson/bin:/Users/jethro.larson/.local/bin:/usr/local/bin:/Users/jethro.larson/.nvm:/Applications/Xcode.app/Contents/Developer/usr/bin:/Library/PostgreSQL/11/bin:/usr/local/bin:/usr/bin:/bin:/usr/sbin:/sbin:/Library/Apple/usr/bin:/Library/Frameworks/Mono.framework/Versions/Current/Commands

Yarn version: 
  1.22.10

Node version: 
  15.2.0

Platform: 
  darwin x64

Trace: 
  SyntaxError: /Users/jethro.larson/github/gallery-interviews/checkboxes/package.json: Unexpected token } in JSON at position 556
      at JSON.parse (<anonymous>)
      at /usr/local/Cellar/yarn/1.22.10/libexec/lib/cli.js:1625:59
      at Generator.next (<anonymous>)
      at step (/usr/local/Cellar/yarn/1.22.10/libexec/lib/cli.js:310:30)
      at /usr/local/Cellar/yarn/1.22.10/libexec/lib/cli.js:321:13

npm manifest: 
  {
    "name": "checkboxes",
    "version": "1.0.0",
    "description": "",
    "main": "index.js",
    "scripts": {
      "start": "serve -s public",
      "build": "tsc"
    },
    "author": "",
    "license": "UNLICENSED",
    "devDependencies": {
      "@types/react": "^17.0.3",
      "@types/react-dom": "^17.0.3",
      "@typescript-eslint/eslint-plugin": "^4.22.0",
      "eslint": "^7.24.0",
      "eslint-config-prettier": "^8.2.0",
      "eslint-plugin-prettier": "^3.4.0",
      "react": "^17.0.2",
      "react-dom": "^17.0.2",
      "serve": "^11.3.2",
      "typescript": "^4.2.4",
    }
  }

yarn manifest: 
  No manifest

Lockfile: 
  No lockfile
